app/build/intermediates/manifest_merge_blame_file/debug/manifest-merger-blame-debug-report.txt
1<?xml version="1.0" encoding="utf-8"?>
2<manifest xmlns:android="http://schemas.android.com/apk/res/android"
3    package="com.siddharth_and_rashmi_music_player.music_player"
4    android:versionCode="1"
5    android:versionName="1.0" >
6
7    <uses-sdk
8        android:minSdkVersion="21"
8-->src\main\AndroidManifest.xml
9        android:targetSdkVersion="30" />
9-->src\main\AndroidManifest.xml
10
11    <uses-permission android:name="android.permission.INTERNET" />
11-->src\main\AndroidManifest.xml:5:5-67
11-->src\main\AndroidManifest.xml:5:22-64
12    <uses-permission android:name="android.permission.FOREGROUND_SERVICE" />
12-->src\main\AndroidManifest.xml:6:5-77
12-->src\main\AndroidManifest.xml:6:22-74
13    <uses-permission android:name="android.permission.ACCESS_NETWORK_STATE" />
13-->[com.google.android.exoplayer:exoplayer-core:2.11.8] AndroidManifest.xml:24:5-79
13-->[com.google.android.exoplayer:exoplayer-core:2.11.8] AndroidManifest.xml:24:22-76
14    <uses-permission android:name="android.permission.WAKE_LOCK" />
14-->[com.google.android.gms:play-services-measurement-api:18.0.2] AndroidManifest.xml:24:5-68
14-->[com.google.android.gms:play-services-measurement-api:18.0.2] AndroidManifest.xml:24:22-65
15    <uses-permission android:name="com.google.android.finsky.permission.BIND_GET_INSTALL_REFERRER_SERVICE" />
15-->[com.google.android.gms:play-services-measurement:18.0.2] AndroidManifest.xml:26:5-110
15-->[com.google.android.gms:play-services-measurement:18.0.2] AndroidManifest.xml:26:22-107
16
17    <application
17-->src\main\AndroidManifest.xml:8:5-36:19
18        android:name="com.siddharth_and_rashmi_music_player.music_player.MusicApplication"
18-->src\main\AndroidManifest.xml:9:9-41
19        android:allowBackup="true"
19-->src\main\AndroidManifest.xml:10:9-35
20        android:appComponentFactory="androidx.core.app.CoreComponentFactory"
20-->[androidx.core:core:1.3.2] AndroidManifest.xml:24:18-86
21        android:debuggable="true"
22        android:icon="@mipmap/ic_launcher"
22-->src\main\AndroidManifest.xml:11:9-43
23        android:label="@string/app_name"
23-->src\main\AndroidManifest.xml:12:9-41
24        android:roundIcon="@mipmap/ic_launcher_round"
24-->src\main\AndroidManifest.xml:13:9-54
25        android:supportsRtl="true"
25-->src\main\AndroidManifest.xml:14:9-35
26        android:testOnly="true"
27        android:theme="@style/AppTheme" >
27-->src\main\AndroidManifest.xml:15:9-40
28        <activity android:name="com.siddharth_and_rashmi_music_player.music_player.search.SearchSongsMain" />
28-->src\main\AndroidManifest.xml:16:9-69
28-->src\main\AndroidManifest.xml:16:19-57
29        <activity android:name="com.siddharth_and_rashmi_music_player.music_player.menudrawers.Playlists" />
29-->src\main\AndroidManifest.xml:17:9-59
29-->src\main\AndroidManifest.xml:17:19-56
30        <activity android:name="com.siddharth_and_rashmi_music_player.music_player.menudrawers.Settings" />
30-->src\main\AndroidManifest.xml:18:9-58
30-->src\main\AndroidManifest.xml:18:19-55
31
32        <service android:name="com.siddharth_and_rashmi_music_player.music_player.exoplayer.MusicService" >
32-->src\main\AndroidManifest.xml:20:9-24:19
32-->src\main\AndroidManifest.xml:20:18-56
33            <intent-filter>
33-->src\main\AndroidManifest.xml:21:13-23:29
34                <action android:name="android.media.browse.MediaBrowserService" />
34-->src\main\AndroidManifest.xml:22:17-83
34-->src\main\AndroidManifest.xml:22:25-80
35            </intent-filter>
36        </service>
37
38        <activity android:name="com.siddharth_and_rashmi_music_player.music_player.ui.MainActivity" >
38-->src\main\AndroidManifest.xml:26:9-32:20
38-->src\main\AndroidManifest.xml:26:19-50
39            <intent-filter>
39-->src\main\AndroidManifest.xml:27:13-31:29
40                <action android:name="android.intent.action.MAIN" />
40-->src\main\AndroidManifest.xml:28:17-69
40-->src\main\AndroidManifest.xml:28:25-66
41
42                <category android:name="android.intent.category.LAUNCHER" />
42-->src\main\AndroidManifest.xml:30:17-77
42-->src\main\AndroidManifest.xml:30:27-74
43            </intent-filter>
44        </activity>
45
46        <meta-data
46-->src\main\AndroidManifest.xml:33:9-35:57
47            android:name="preloaded_fonts"
47-->src\main\AndroidManifest.xml:34:13-43
48            android:resource="@array/preloaded_fonts" />
48-->src\main\AndroidManifest.xml:35:13-54
49
50        <service
50-->[com.google.firebase:firebase-storage-ktx:19.2.1] AndroidManifest.xml:12:9-18:19
51            android:name="com.google.firebase.components.ComponentDiscoveryService"
51-->[com.google.firebase:firebase-storage-ktx:19.2.1] AndroidManifest.xml:13:13-84
52            android:directBootAware="true"
52-->[com.google.firebase:firebase-common:19.5.0] AndroidManifest.xml:35:13-43
53            android:exported="false" >
53-->[com.google.firebase:firebase-storage-ktx:19.2.1] AndroidManifest.xml:14:13-37
54            <meta-data
54-->[com.google.firebase:firebase-storage-ktx:19.2.1] AndroidManifest.xml:15:13-17:85
55                android:name="com.google.firebase.components:com.google.firebase.storage.ktx.FirebaseStorageKtxRegistrar"
55-->[com.google.firebase:firebase-storage-ktx:19.2.1] AndroidManifest.xml:16:17-122
56                android:value="com.google.firebase.components.ComponentRegistrar" />
56-->[com.google.firebase:firebase-storage-ktx:19.2.1] AndroidManifest.xml:17:17-82
57            <meta-data
57-->[com.google.firebase:firebase-analytics-ktx:18.0.2] AndroidManifest.xml:11:13-13:85
58                android:name="com.google.firebase.components:com.google.firebase.analytics.ktx.FirebaseAnalyticsKtxRegistrar"
58-->[com.google.firebase:firebase-analytics-ktx:18.0.2] AndroidManifest.xml:12:17-126
59                android:value="com.google.firebase.components.ComponentRegistrar" />
59-->[com.google.firebase:firebase-analytics-ktx:18.0.2] AndroidManifest.xml:13:17-82
60            <meta-data
60-->[com.google.firebase:firebase-firestore-ktx:22.0.2] AndroidManifest.xml:15:13-17:85
61                android:name="com.google.firebase.components:com.google.firebase.firestore.ktx.FirebaseFirestoreKtxRegistrar"
61-->[com.google.firebase:firebase-firestore-ktx:22.0.2] AndroidManifest.xml:16:17-126
62                android:value="com.google.firebase.components.ComponentRegistrar" />
62-->[com.google.firebase:firebase-firestore-ktx:22.0.2] AndroidManifest.xml:17:17-82
63            <meta-data
63-->[com.google.firebase:firebase-common-ktx:19.5.0] AndroidManifest.xml:15:13-17:85
64                android:name="com.google.firebase.components:com.google.firebase.ktx.FirebaseCommonKtxRegistrar"
64-->[com.google.firebase:firebase-common-ktx:19.5.0] AndroidManifest.xml:16:17-113
65                android:value="com.google.firebase.components.ComponentRegistrar" />
65-->[com.google.firebase:firebase-common-ktx:19.5.0] AndroidManifest.xml:17:17-82
66            <meta-data
66-->[com.google.firebase:firebase-firestore:22.0.2] AndroidManifest.xml:20:13-22:85
67                android:name="com.google.firebase.components:com.google.firebase.firestore.FirestoreRegistrar"
67-->[com.google.firebase:firebase-firestore:22.0.2] AndroidManifest.xml:21:17-111
68                android:value="com.google.firebase.components.ComponentRegistrar" />
68-->[com.google.firebase:firebase-firestore:22.0.2] AndroidManifest.xml:22:17-82
69            <meta-data
69-->[com.google.firebase:firebase-storage:19.2.1] AndroidManifest.xml:33:13-35:85
70                android:name="com.google.firebase.components:com.google.firebase.storage.StorageRegistrar"
70-->[com.google.firebase:firebase-storage:19.2.1] AndroidManifest.xml:34:17-107
71                android:value="com.google.firebase.components.ComponentRegistrar" />
71-->[com.google.firebase:firebase-storage:19.2.1] AndroidManifest.xml:35:17-82
72            <meta-data
72-->[com.google.android.gms:play-services-measurement-api:18.0.2] AndroidManifest.xml:30:13-32:85
73                android:name="com.google.firebase.components:com.google.firebase.analytics.connector.internal.AnalyticsConnectorRegistrar"
73-->[com.google.android.gms:play-services-measurement-api:18.0.2] AndroidManifest.xml:31:17-139
74                android:value="com.google.firebase.components.ComponentRegistrar" />
74-->[com.google.android.gms:play-services-measurement-api:18.0.2] AndroidManifest.xml:32:17-82
75            <meta-data
75-->[com.google.firebase:firebase-installations:16.3.5] AndroidManifest.xml:18:13-20:85
76                android:name="com.google.firebase.components:com.google.firebase.installations.FirebaseInstallationsRegistrar"
76-->[com.google.firebase:firebase-installations:16.3.5] AndroidManifest.xml:19:17-127
77                android:value="com.google.firebase.components.ComponentRegistrar" />
77-->[com.google.firebase:firebase-installations:16.3.5] AndroidManifest.xml:20:17-82
78            <!--
79                This registrar is not defined in the dynamic-module-support sdk itself to allow non-firebase
80                clients to use it as well, by defining this registrar in their own core/common library.
81            -->
82            <meta-data
82-->[com.google.firebase:firebase-common:19.5.0] AndroidManifest.xml:43:13-45:85
83                android:name="com.google.firebase.components:com.google.firebase.dynamicloading.DynamicLoadingRegistrar"
83-->[com.google.firebase:firebase-common:19.5.0] AndroidManifest.xml:44:17-121
84                android:value="com.google.firebase.components.ComponentRegistrar" />
84-->[com.google.firebase:firebase-common:19.5.0] AndroidManifest.xml:45:17-82
85        </service>
86
87        <provider
87-->[com.google.firebase:firebase-common:19.5.0] AndroidManifest.xml:26:9-31:39
88            android:name="com.google.firebase.provider.FirebaseInitProvider"
88-->[com.google.firebase:firebase-common:19.5.0] AndroidManifest.xml:27:13-77
89            android:authorities="com.siddharth_and_rashmi_music_player.music_player.firebaseinitprovider"
89-->[com.google.firebase:firebase-common:19.5.0] AndroidManifest.xml:28:13-72
90            android:directBootAware="true"
90-->[com.google.firebase:firebase-common:19.5.0] AndroidManifest.xml:29:13-43
91            android:exported="false"
91-->[com.google.firebase:firebase-common:19.5.0] AndroidManifest.xml:30:13-37
92            android:initOrder="100" />
92-->[com.google.firebase:firebase-common:19.5.0] AndroidManifest.xml:31:13-36
93
94        <activity
94-->[com.google.android.gms:play-services-base:17.0.0] AndroidManifest.xml:23:9-26:75
95            android:name="com.google.android.gms.common.api.GoogleApiActivity"
95-->[com.google.android.gms:play-services-base:17.0.0] AndroidManifest.xml:24:13-79
96            android:exported="false"
96-->[com.google.android.gms:play-services-base:17.0.0] AndroidManifest.xml:25:13-37
97            android:theme="@android:style/Theme.Translucent.NoTitleBar" />
97-->[com.google.android.gms:play-services-base:17.0.0] AndroidManifest.xml:26:13-72
98
99        <receiver
99-->[com.google.android.gms:play-services-measurement:18.0.2] AndroidManifest.xml:29:9-33:20
100            android:name="com.google.android.gms.measurement.AppMeasurementReceiver"
100-->[com.google.android.gms:play-services-measurement:18.0.2] AndroidManifest.xml:30:13-85
101            android:enabled="true"
101-->[com.google.android.gms:play-services-measurement:18.0.2] AndroidManifest.xml:31:13-35
102            android:exported="false" >
102-->[com.google.android.gms:play-services-measurement:18.0.2] AndroidManifest.xml:32:13-37
103        </receiver>
104
105        <service
105-->[com.google.android.gms:play-services-measurement:18.0.2] AndroidManifest.xml:35:9-38:40
106            android:name="com.google.android.gms.measurement.AppMeasurementService"
106-->[com.google.android.gms:play-services-measurement:18.0.2] AndroidManifest.xml:36:13-84
107            android:enabled="true"
107-->[com.google.android.gms:play-services-measurement:18.0.2] AndroidManifest.xml:37:13-35
108            android:exported="false" />
108-->[com.google.android.gms:play-services-measurement:18.0.2] AndroidManifest.xml:38:13-37
109        <service
109-->[com.google.android.gms:play-services-measurement:18.0.2] AndroidManifest.xml:39:9-43:72
110            android:name="com.google.android.gms.measurement.AppMeasurementJobService"
110-->[com.google.android.gms:play-services-measurement:18.0.2] AndroidManifest.xml:40:13-87
111            android:enabled="true"
111-->[com.google.android.gms:play-services-measurement:18.0.2] AndroidManifest.xml:41:13-35
112            android:exported="false"
112-->[com.google.android.gms:play-services-measurement:18.0.2] AndroidManifest.xml:42:13-37
113            android:permission="android.permission.BIND_JOB_SERVICE" />
113-->[com.google.android.gms:play-services-measurement:18.0.2] AndroidManifest.xml:43:13-69
114
115        <meta-data
115-->[com.google.android.gms:play-services-basement:17.0.0] AndroidManifest.xml:23:9-25:69
116            android:name="com.google.android.gms.version"
116-->[com.google.android.gms:play-services-basement:17.0.0] AndroidManifest.xml:24:13-58
117            android:value="@integer/google_play_services_version" />
117-->[com.google.android.gms:play-services-basement:17.0.0] AndroidManifest.xml:25:13-66
118
119        <provider
119-->[androidx.lifecycle:lifecycle-process:2.2.0] AndroidManifest.xml:25:9-29:43
120            android:name="androidx.lifecycle.ProcessLifecycleOwnerInitializer"
120-->[androidx.lifecycle:lifecycle-process:2.2.0] AndroidManifest.xml:26:13-79
121            android:authorities="com.siddharth_and_rashmi_music_player.music_player.lifecycle-process"
121-->[androidx.lifecycle:lifecycle-process:2.2.0] AndroidManifest.xml:27:13-69
122            android:exported="false"
122-->[androidx.lifecycle:lifecycle-process:2.2.0] AndroidManifest.xml:28:13-37
123            android:multiprocess="true" />
123-->[androidx.lifecycle:lifecycle-process:2.2.0] AndroidManifest.xml:29:13-40
124    </application>
125
126</manifest>